C51 COMPILER V9.60.0.0   PASSWORD                                                          10/30/2020 14:17:47 PAGE 1   


C51 COMPILER V9.60.0.0, COMPILATION OF MODULE PASSWORD
OBJECT MODULE PLACED IN .\Objects\password.obj
COMPILER INVOKED BY: C:\Keil_v5\C51\BIN\C51.EXE password.c OPTIMIZE(8,SPEED) BROWSE DEBUG OBJECTEXTEND PRINT(.\Listings\
                    -password.lst) TABS(2) OBJECT(.\Objects\password.obj)

line level    source

   1          #include<reg51.h>
   2          
   3          #define switches P0
   4          
   5          sbit rs =P3^5;
   6          sbit en =P3^3;
   7          
   8          unsigned int password[]={1,2,3,4};
   9          
  10          unsigned int array[4];
  11          
  12          
  13          void delay(unsigned int z);
  14          void command(unsigned int b);
  15          void display(unsigned int c);
  16          void string(char *e);
  17          void start();
  18          
  19          int index=-1;
  20          
  21          
  22          unsigned int a;
  23          
  24          void main(){
  25   1        
  26   1        P3=0;
  27   1        P0=0Xff;
  28   1        
  29   1        
  30   1        start();
  31   1        command(0X01);
  32   1        
  33   1        
  34   1        
  35   1        while(1){
  36   2          main:switches=0X0F;
  37   2        
  38   2          if(switches==0X0F){
  39   3            goto main;
  40   3          }
  41   2          
  42   2          switches=0XEF;
  43   2              a=switches;
  44   2      
  45   2          if(a!=0XEF){
  46   3            if(a==0XE7){
  47   4              //P3=1;
  48   4              index=index+1;
  49   4              array[index]=1;
  50   4              display('*');
  51   4              delay(65000);
  52   4      
  53   4            }
  54   3            
C51 COMPILER V9.60.0.0   PASSWORD                                                          10/30/2020 14:17:47 PAGE 2   

  55   3            if(a==0XEB){
  56   4              //P3=2;
  57   4              index=index+1;
  58   4              array[index]=2;
  59   4              display('*');
  60   4              delay(65000);
  61   4      
  62   4            }
  63   3            
  64   3            if(a==0XED){
  65   4              P3=3;
  66   4              index=index+1;
  67   4              array[index]=3;
  68   4              display('*');
  69   4              delay(65000);
  70   4      
  71   4            }
  72   3            
  73   3            if(a==0XEE){
  74   4              //P3=4;
  75   4              index=index+1;
  76   4              array[index]=4;
  77   4              display('*');
  78   4              delay(65000);
  79   4            }
  80   3            
  81   3          }
  82   2          
  83   2          switches=0XDF;
  84   2              a=switches;
  85   2      
  86   2          if(a!=0XDF){
  87   3            if(a==0XD7){
  88   4              //P3=5;
  89   4              index=index+1;
  90   4              array[index]=5;
  91   4              display('*');
  92   4              delay(65000);
  93   4            }
  94   3            
  95   3            if(a==0XDB){
  96   4              //P3=6;
  97   4              index=index+1;
  98   4              array[index]=6;
  99   4              display('*');
 100   4              delay(65000);
 101   4            }
 102   3            
 103   3            if(a==0XDD){
 104   4              //P3=7;
 105   4              index=index+1;
 106   4              array[index]=7;
 107   4              display('*');
 108   4              delay(65000);
 109   4            }
 110   3            
 111   3            if(a==0XDE){
 112   4              //P3=8;
 113   4              index=index+1;
 114   4              array[index]=8;
 115   4              display('*');
 116   4              delay(65000);
C51 COMPILER V9.60.0.0   PASSWORD                                                          10/30/2020 14:17:47 PAGE 3   

 117   4            }
 118   3          }
 119   2          
 120   2          switches=0XBF;
 121   2              a=switches;
 122   2      
 123   2          if(a!=0XBF){
 124   3            if(a==0XB7){
 125   4              //P3=9;
 126   4              index=index+1;
 127   4              array[index]=9;
 128   4              display('*');
 129   4              delay(65000);
 130   4            }
 131   3            
 132   3            if(a==0XBB){
 133   4              //P3=10;
 134   4              index=index+1;
 135   4              array[index]=10;
 136   4            display('*');
 137   4              delay(65000);
 138   4            }
 139   3            
 140   3            if(a==0XBD){
 141   4              //P3=11;
 142   4              index=index+1;
 143   4              array[index]=11;
 144   4              display('*');
 145   4              delay(65000);
 146   4            }
 147   3            
 148   3            if(a==0XBE){
 149   4              //P3=12;
 150   4              index=index+1;
 151   4              array[index]=12;
 152   4              display('*');
 153   4              delay(65000);
 154   4            }
 155   3          }
 156   2          
 157   2          switches=0X7F;
 158   2          a=switches;
 159   2          
 160   2          if(a!=0X7F){
 161   3            if(a==0X77){
 162   4              //P3=13;
 163   4              index=index+1;
 164   4              array[index]=13;
 165   4              display('*');
 166   4              delay(65000);
 167   4            }
 168   3            
 169   3            if(a==0X7B){
 170   4              //P3=14;
 171   4              index=index+1;
 172   4              array[index]=14;
 173   4              display('*');
 174   4              delay(65000);
 175   4            }
 176   3            
 177   3            if(a==0X7D){
 178   4              //P3=15;
C51 COMPILER V9.60.0.0   PASSWORD                                                          10/30/2020 14:17:47 PAGE 4   

 179   4              index=index+1;
 180   4              array[index]=15;
 181   4              display('*');
 182   4              delay(65000);
 183   4            }
 184   3            
 185   3            if(a==0X7E){
 186   4              //P3=16;
 187   4              index=index+1;
 188   4              array[index]=16;
 189   4              display('*');
 190   4              delay(65000);
 191   4            }
 192   3          }
 193   2          if(password[0]==array[0] && password[1]==array[1] && password[2]==array[2] && password[3]==array[3]){
 194   3            command(0XC3);
 195   3            display('D');
 196   3          }
 197   2        }
 198   1      }
 199          
 200          
 201          void delay(unsigned int z){
 202   1        while(z!=0){
 203   2          z--;
 204   2        }
 205   1      }
 206          
 207          void command(unsigned int b){
 208   1        rs=0;
 209   1        P1=b;
 210   1        en=1;
 211   1        delay(300);
 212   1        en=0;
 213   1      }
 214          
 215          void display(unsigned int c){
 216   1        rs=1;
 217   1        P1=c;
 218   1        en=1;
 219   1        delay(300);
 220   1        en=0;
 221   1      }
 222          
 223          void start(){
 224   1        command(0X01);
 225   1        command(0X0C);
 226   1        command(0X3C);
 227   1        command(0X38);
 228   1      
 229   1      }
 230          
 231          void string(char *e){
 232   1        while(*e){
 233   2          display(*e++);
 234   2          }
 235   1      }


MODULE INFORMATION:   STATIC OVERLAYABLE
   CODE SIZE        =    822    ----
   CONSTANT SIZE    =   ----    ----
C51 COMPILER V9.60.0.0   PASSWORD                                                          10/30/2020 14:17:47 PAGE 5   

   XDATA SIZE       =   ----    ----
   PDATA SIZE       =   ----    ----
   DATA SIZE        =     20       3
   IDATA SIZE       =   ----    ----
   BIT SIZE         =   ----    ----
END OF MODULE INFORMATION.


C51 COMPILATION COMPLETE.  0 WARNING(S),  0 ERROR(S)
