C51 COMPILER V9.60.0.0   LCD_CLOCK                                                         10/27/2020 17:50:35 PAGE 1   


C51 COMPILER V9.60.0.0, COMPILATION OF MODULE LCD_CLOCK
OBJECT MODULE PLACED IN .\Objects\lcd_clock.obj
COMPILER INVOKED BY: C:\Keil_v5\C51\BIN\C51.EXE lcd_clock.c OPTIMIZE(8,SPEED) BROWSE DEBUG OBJECTEXTEND PRINT(.\Listings
                    -\lcd_clock.lst) TABS(2) OBJECT(.\Objects\lcd_clock.obj)

line level    source

   1          #include<reg51.h>
   2          
   3          sbit rs =P3^5;
   4          sbit en =P3^3;
   5          int d,e,f;
   6          
   7          void delay(unsigned int a);
   8          void command(unsigned int b);
   9          void display(unsigned int c);
  10          void ascii(unsigned int g);
  11          void start();
  12          void main(){
  13   1        start();
  14   1        while(1){
  15   2        for(d=0;d<24;d++){
  16   3          for(e=0;e<60;e++){
  17   4            for(f=0;f<60;f++){
  18   5            command(0X81);
  19   5            ascii(d);
  20   5            display(':');
  21   5            ascii(e);
  22   5            display(':');
  23   5            ascii(f);
  24   5            delay(65000);
  25   5          }
  26   4        }
  27   3        }
  28   2      }
  29   1      }
  30          void delay(unsigned int a){
  31   1        while(a!=0){
  32   2          a--;
  33   2        }
  34   1      }
  35          
  36          void command(unsigned int b){
  37   1        rs=0;
  38   1        P1=b;
  39   1        en=1;
  40   1        delay(300);
  41   1        en=0;
  42   1      }
  43          
  44          void display(unsigned int c){
  45   1        rs=1;
  46   1        P1=c;
  47   1        en=1;
  48   1        delay(300);
  49   1        en=0;
  50   1      }
  51          
  52          void start(){
  53   1        command(0X01);
  54   1        command(0X0C);
C51 COMPILER V9.60.0.0   LCD_CLOCK                                                         10/27/2020 17:50:35 PAGE 2   

  55   1        command(0X3C);
  56   1        command(0X38);
  57   1      
  58   1      }
  59          
  60          void ascii(unsigned int g){
  61   1        char array[]={'0','1','2','3','4','5','6','7','8','9'};
  62   1        int a,b;
  63   1        a=g/10;
  64   1        display(array[a]);
  65   1        b=g%10;
  66   1        display(array[b]);
  67   1      }
  68          
  69          


MODULE INFORMATION:   STATIC OVERLAYABLE
   CODE SIZE        =    261    ----
   CONSTANT SIZE    =     10    ----
   XDATA SIZE       =   ----    ----
   PDATA SIZE       =   ----    ----
   DATA SIZE        =      6      12
   IDATA SIZE       =   ----    ----
   BIT SIZE         =   ----    ----
END OF MODULE INFORMATION.


C51 COMPILATION COMPLETE.  0 WARNING(S),  0 ERROR(S)
