C51 COMPILER V9.60.0.0   COUNTWITHSWITCHDOUBLE                                             10/23/2020 15:50:29 PAGE 1   


C51 COMPILER V9.60.0.0, COMPILATION OF MODULE COUNTWITHSWITCHDOUBLE
OBJECT MODULE PLACED IN .\Objects\countwithswitchdouble.obj
COMPILER INVOKED BY: C:\Keil_v5\C51\BIN\C51.EXE countwithswitchdouble.c OPTIMIZE(8,SPEED) BROWSE DEBUG OBJECTEXTEND PRIN
                    -T(.\Listings\countwithswitchdouble.lst) TABS(2) OBJECT(.\Objects\countwithswitchdouble.obj)

line level    source

   1          #include<REG51.h>
   2          
   3          void delay(unsigned int d);
   4          
   5          sbit t1= P3^7;
   6          sbit t2= P3^6;
   7          
   8          sbit s1=P3^5;
   9          
  10          
  11          char array[]={0XC0,0XF9,0XA4,0XB0,0X99,0X92,0X82,0Xf8,0X80,0X98};
  12          
  13          
  14          void main(){
  15   1        int a,b,c;
  16   1      
  17   1        t1=1;
  18   1        t2=1;
  19   1        s1=1;
  20   1        while(1)
  21   1          {
  22   2              
  23   2            while(s1==0){
  24   3        for(a=0;a<10;a++)
  25   3        {
  26   4          for(b=0;b<10;b++)
  27   4          {
  28   5            for(c=0;c<10;c++)
  29   5            {
  30   6              HERE:
  31   6              t1=0;
  32   6              t2=1;
  33   6              P0=array[a];
  34   6              delay(1000);
  35   6              t1=1;
  36   6              t2=0;
  37   6              P0=array[b];
  38   6              delay(1000);
  39   6              if(s1!=0){
  40   7              goto HERE;
  41   7              }
  42   6            }
  43   5          }
  44   4        }
  45   3      }
  46   2            }
  47   1      }
  48          void delay(unsigned int d){
  49   1        while(d!=0)
  50   1          {
  51   2          d--;
  52   2        }
  53   1      }

C51 COMPILER V9.60.0.0   COUNTWITHSWITCHDOUBLE                                             10/23/2020 15:50:29 PAGE 2   


MODULE INFORMATION:   STATIC OVERLAYABLE
   CODE SIZE        =    130    ----
   CONSTANT SIZE    =   ----    ----
   XDATA SIZE       =   ----    ----
   PDATA SIZE       =   ----    ----
   DATA SIZE        =     10       6
   IDATA SIZE       =   ----    ----
   BIT SIZE         =   ----    ----
END OF MODULE INFORMATION.


C51 COMPILATION COMPLETE.  0 WARNING(S),  0 ERROR(S)
